0 info it worked if it ends with ok
1 verbose cli [ 'c:\\Program Files (x86)\\nodejs\\node.exe',
1 verbose cli   'c:\\Program Files (x86)\\nodejs\\node_modules\\npm\\bin\\npm-cli.js',
1 verbose cli   'install',
1 verbose cli   'express' ]
2 info using npm@1.4.28
3 info using node@v0.10.32
4 verbose cache add [ 'express', null ]
5 verbose cache add name=undefined spec="express" args=["express",null]
6 verbose parsed url { protocol: null,
6 verbose parsed url   slashes: null,
6 verbose parsed url   auth: null,
6 verbose parsed url   host: null,
6 verbose parsed url   port: null,
6 verbose parsed url   hostname: null,
6 verbose parsed url   hash: null,
6 verbose parsed url   search: null,
6 verbose parsed url   query: null,
6 verbose parsed url   pathname: 'express',
6 verbose parsed url   path: 'express',
6 verbose parsed url   href: 'express' }
7 silly lockFile f3c62de4-express express
8 verbose lock express C:\Users\Ramon.GTE-BH\AppData\Roaming\npm-cache\f3c62de4-express.lock
9 silly lockFile f3c62de4-express express
10 silly lockFile f3c62de4-express express
11 verbose addNamed [ 'express', '' ]
12 verbose addNamed [ null, '*' ]
13 silly lockFile 64a534c1-express express@
14 verbose lock express@ C:\Users\Ramon.GTE-BH\AppData\Roaming\npm-cache\64a534c1-express.lock
15 silly addNameRange { name: 'express', range: '*', hasData: false }
16 verbose request where is /express
17 verbose request registry https://registry.npmjs.org/
18 verbose request id 0879b4f8dcc311ee
19 verbose url raw /express
20 verbose url resolving [ 'https://registry.npmjs.org/', './express' ]
21 verbose url resolved https://registry.npmjs.org/express
22 verbose request where is https://registry.npmjs.org/express
23 info trying registry request attempt 1 at 14:05:08
24 http GET https://registry.npmjs.org/express
25 info retry will retry, error on last attempt: Error: connect ENETUNREACH
26 info trying registry request attempt 2 at 14:05:39
27 http GET https://registry.npmjs.org/express
28 info retry will retry, error on last attempt: Error: connect ENETUNREACH
29 info trying registry request attempt 3 at 14:07:01
30 http GET https://registry.npmjs.org/express
31 silly lockFile 64a534c1-express express@
32 silly lockFile 64a534c1-express express@
33 error Error: connect ENETUNREACH
33 error     at errnoException (net.js:904:11)
33 error     at Object.afterConnect [as oncomplete] (net.js:895:19)
34 error If you need help, you may report this *entire* log,
34 error including the npm and node versions, at:
34 error     <http://github.com/npm/npm/issues>
35 error System Windows_NT 6.1.7601
36 error command "c:\\Program Files (x86)\\nodejs\\node.exe" "c:\\Program Files (x86)\\nodejs\\node_modules\\npm\\bin\\npm-cli.js" "install" "express"
37 error cwd D:\Ramon\Proyectos personales\presupuestogrid
38 error node -v v0.10.32
39 error npm -v 1.4.28
40 error syscall connect
41 error code ENETUNREACH
42 error errno ENETUNREACH
43 verbose exit [ 1, true ]
